# JRE version: Java(TM) SE Runtime Environment (8.0_172-b11) (build 1.8.0_172-b11)
# Java VM: Java HotSpot(TM) 64-Bit Server VM (25.172-b11 mixed mode windows-amd64 compressed oops)
Heap:
 PSYoungGen      total 28160K, used 16856K [0x00000000e0c00000, 0x00000000e4300000, 0x0000000100000000)
  eden space 24576K, 68% used [0x00000000e0c00000,0x00000000e1c760f8,0x00000000e2400000)
  from space 3584K, 0% used [0x00000000e2400000,0x00000000e2400000,0x00000000e2780000)
  to   space 3584K, 0% used [0x00000000e3f80000,0x00000000e3f80000,0x00000000e4300000)
 ParOldGen       total 57856K, used 11201K [0x00000000a2400000, 0x00000000a5c80000, 0x00000000e0c00000)
  object space 57856K, 19% used [0x00000000a2400000,0x00000000a2ef0410,0x00000000a5c80000)
 Metaspace       used 23649K, capacity 24974K, committed 25216K, reserved 1071104K
  class space    used 3345K, capacity 3605K, committed 3712K, reserved 1048576K
GC Heap History (8 events):
Event: 1.946 GC heap before
{Heap before GC invocations=1 (full 0):
 PSYoungGen      total 28160K, used 24576K [0x00000000e0c00000, 0x00000000e2b00000, 0x0000000100000000)
  eden space 24576K, 100% used [0x00000000e0c00000,0x00000000e2400000,0x00000000e2400000)
  from space 3584K, 0% used [0x00000000e2780000,0x00000000e2780000,0x00000000e2b00000)
  to   space 3584K, 0% used [0x00000000e2400000,0x00000000e2400000,0x00000000e2780000)
 ParOldGen       total 64512K, used 0K [0x00000000a2400000, 0x00000000a6300000, 0x00000000e0c00000)
  object space 64512K, 0% used [0x00000000a2400000,0x00000000a2400000,0x00000000a6300000)
 Metaspace       used 11841K, capacity 12332K, committed 12544K, reserved 1060864K
  class space    used 1585K, capacity 1740K, committed 1792K, reserved 1048576K
Event: 1.956 GC heap after
Heap after GC invocations=1 (full 0):
 PSYoungGen      total 28160K, used 3568K [0x00000000e0c00000, 0x00000000e2b00000, 0x0000000100000000)
  eden space 24576K, 0% used [0x00000000e0c00000,0x00000000e0c00000,0x00000000e2400000)
  from space 3584K, 99% used [0x00000000e2400000,0x00000000e277c040,0x00000000e2780000)
  to   space 3584K, 0% used [0x00000000e2780000,0x00000000e2780000,0x00000000e2b00000)
 ParOldGen       total 64512K, used 402K [0x00000000a2400000, 0x00000000a6300000, 0x00000000e0c00000)
  object space 64512K, 0% used [0x00000000a2400000,0x00000000a2464ad8,0x00000000a6300000)
 Metaspace       used 11841K, capacity 12332K, committed 12544K, reserved 1060864K
  class space    used 1585K, capacity 1740K, committed 1792K, reserved 1048576K
}
Event: 4.041 GC heap before
{Heap before GC invocations=2 (full 0):
 PSYoungGen      total 28160K, used 28144K [0x00000000e0c00000, 0x00000000e2b00000, 0x0000000100000000)
  eden space 24576K, 100% used [0x00000000e0c00000,0x00000000e2400000,0x00000000e2400000)
  from space 3584K, 99% used [0x00000000e2400000,0x00000000e277c040,0x00000000e2780000)
  to   space 3584K, 0% used [0x00000000e2780000,0x00000000e2780000,0x00000000e2b00000)
 ParOldGen       total 64512K, used 402K [0x00000000a2400000, 0x00000000a6300000, 0x00000000e0c00000)
  object space 64512K, 0% used [0x00000000a2400000,0x00000000a2464ad8,0x00000000a6300000)
 Metaspace       used 18137K, capacity 19274K, committed 19456K, reserved 1064960K
  class space    used 2789K, capacity 3019K, committed 3072K, reserved 1048576K
Event: 4.067 GC heap after
Heap after GC invocations=2 (full 0):
 PSYoungGen      total 28160K, used 3559K [0x00000000e0c00000, 0x00000000e2b00000, 0x0000000100000000)
  eden space 24576K, 0% used [0x00000000e0c00000,0x00000000e0c00000,0x00000000e2400000)
  from space 3584K, 99% used [0x00000000e2780000,0x00000000e2af9c90,0x00000000e2b00000)
  to   space 3584K, 0% used [0x00000000e2400000,0x00000000e2400000,0x00000000e2780000)
 ParOldGen       total 64512K, used 3568K [0x00000000a2400000, 0x00000000a6300000, 0x00000000e0c00000)
  object space 64512K, 5% used [0x00000000a2400000,0x00000000a277c3b8,0x00000000a6300000)
 Metaspace       used 18137K, capacity 19274K, committed 19456K, reserved 1064960K
  class space    used 2789K, capacity 3019K, committed 3072K, reserved 1048576K
}
Event: 4.511 GC heap before
{Heap before GC invocations=3 (full 0):
 PSYoungGen      total 28160K, used 12295K [0x00000000e0c00000, 0x00000000e2b00000, 0x0000000100000000)
  eden space 24576K, 35% used [0x00000000e0c00000,0x00000000e1488300,0x00000000e2400000)
  from space 3584K, 99% used [0x00000000e2780000,0x00000000e2af9c90,0x00000000e2b00000)
  to   space 3584K, 0% used [0x00000000e2400000,0x00000000e2400000,0x00000000e2780000)
 ParOldGen       total 64512K, used 3568K [0x00000000a2400000, 0x00000000a6300000, 0x00000000e0c00000)
  object space 64512K, 5% used [0x00000000a2400000,0x00000000a277c3b8,0x00000000a6300000)
 Metaspace       used 20056K, capacity 21220K, committed 21296K, reserved 1067008K
  class space    used 2989K, capacity 3198K, committed 3200K, reserved 1048576K
Event: 4.528 GC heap after
Heap after GC invocations=3 (full 0):
 PSYoungGen      total 28160K, used 3575K [0x00000000e0c00000, 0x00000000e4300000, 0x0000000100000000)
  eden space 24576K, 0% used [0x00000000e0c00000,0x00000000e0c00000,0x00000000e2400000)
  from space 3584K, 99% used [0x00000000e2400000,0x00000000e277dc80,0x00000000e2780000)
  to   space 3584K, 0% used [0x00000000e3f80000,0x00000000e3f80000,0x00000000e4300000)
 ParOldGen       total 64512K, used 8429K [0x00000000a2400000, 0x00000000a6300000, 0x00000000e0c00000)
  object space 64512K, 13% used [0x00000000a2400000,0x00000000a2c3b5f8,0x00000000a6300000)
 Metaspace       used 20056K, capacity 21220K, committed 21296K, reserved 1067008K
  class space    used 2989K, capacity 3198K, committed 3200K, reserved 1048576K
}
Event: 4.528 GC heap before
{Heap before GC invocations=4 (full 1):
 PSYoungGen      total 28160K, used 3575K [0x00000000e0c00000, 0x00000000e4300000, 0x0000000100000000)
  eden space 24576K, 0% used [0x00000000e0c00000,0x00000000e0c00000,0x00000000e2400000)
  from space 3584K, 99% used [0x00000000e2400000,0x00000000e277dc80,0x00000000e2780000)
  to   space 3584K, 0% used [0x00000000e3f80000,0x00000000e3f80000,0x00000000e4300000)
 ParOldGen       total 64512K, used 8429K [0x00000000a2400000, 0x00000000a6300000, 0x00000000e0c00000)
  object space 64512K, 13% used [0x00000000a2400000,0x00000000a2c3b5f8,0x00000000a6300000)
 Metaspace       used 20056K, capacity 21220K, committed 21296K, reserved 1067008K
  class space    used 2989K, capacity 3198K, committed 3200K, reserved 1048576K
Event: 4.648 GC heap after
Heap after GC invocations=4 (full 1):
 PSYoungGen      total 28160K, used 0K [0x00000000e0c00000, 0x00000000e4300000, 0x0000000100000000)
  eden space 24576K, 0% used [0x00000000e0c00000,0x00000000e0c00000,0x00000000e2400000)
  from space 3584K, 0% used [0x00000000e2400000,0x00000000e2400000,0x00000000e2780000)
  to   space 3584K, 0% used [0x00000000e3f80000,0x00000000e3f80000,0x00000000e4300000)
 ParOldGen       total 57856K, used 11201K [0x00000000a2400000, 0x00000000a5c80000, 0x00000000e0c00000)
  object space 57856K, 19% used [0x00000000a2400000,0x00000000a2ef0410,0x00000000a5c80000)
 Metaspace       used 20056K, capacity 21220K, committed 21296K, reserved 1067008K
  class space    used 2989K, capacity 3198K, committed 3200K, reserved 1048576K
}

