# JRE version: Java(TM) SE Runtime Environment (8.0_172-b11) (build 1.8.0_172-b11)
# Java VM: Java HotSpot(TM) 64-Bit Server VM (25.172-b11 mixed mode windows-amd64 compressed oops)
Heap:
 PSYoungGen      total 50176K, used 12796K [0x00000000e0c00000, 0x00000000e4280000, 0x0000000100000000)
  eden space 47104K, 21% used [0x00000000e0c00000,0x00000000e15da998,0x00000000e3a00000)
  from space 3072K, 88% used [0x00000000e3f80000,0x00000000e42248b0,0x00000000e4280000)
  to   space 3584K, 0% used [0x00000000e3b80000,0x00000000e3b80000,0x00000000e3f00000)
 ParOldGen       total 45056K, used 9418K [0x00000000a2400000, 0x00000000a5000000, 0x00000000e0c00000)
  object space 45056K, 20% used [0x00000000a2400000,0x00000000a2d32aa0,0x00000000a5000000)
 Metaspace       used 23762K, capacity 25182K, committed 25472K, reserved 1071104K
  class space    used 3382K, capacity 3635K, committed 3712K, reserved 1048576K
GC Heap History (10 events):
Event: 2.908 GC heap before
{Heap before GC invocations=1 (full 0):
 PSYoungGen      total 28160K, used 24576K [0x00000000e0c00000, 0x00000000e2b00000, 0x0000000100000000)
  eden space 24576K, 100% used [0x00000000e0c00000,0x00000000e2400000,0x00000000e2400000)
  from space 3584K, 0% used [0x00000000e2780000,0x00000000e2780000,0x00000000e2b00000)
  to   space 3584K, 0% used [0x00000000e2400000,0x00000000e2400000,0x00000000e2780000)
 ParOldGen       total 64512K, used 0K [0x00000000a2400000, 0x00000000a6300000, 0x00000000e0c00000)
  object space 64512K, 0% used [0x00000000a2400000,0x00000000a2400000,0x00000000a6300000)
 Metaspace       used 12033K, capacity 12486K, committed 12544K, reserved 1060864K
  class space    used 1612K, capacity 1735K, committed 1792K, reserved 1048576K
Event: 2.921 GC heap after
Heap after GC invocations=1 (full 0):
 PSYoungGen      total 28160K, used 3552K [0x00000000e0c00000, 0x00000000e2b00000, 0x0000000100000000)
  eden space 24576K, 0% used [0x00000000e0c00000,0x00000000e0c00000,0x00000000e2400000)
  from space 3584K, 99% used [0x00000000e2400000,0x00000000e2778040,0x00000000e2780000)
  to   space 3584K, 0% used [0x00000000e2780000,0x00000000e2780000,0x00000000e2b00000)
 ParOldGen       total 64512K, used 283K [0x00000000a2400000, 0x00000000a6300000, 0x00000000e0c00000)
  object space 64512K, 0% used [0x00000000a2400000,0x00000000a2446e78,0x00000000a6300000)
 Metaspace       used 12033K, capacity 12486K, committed 12544K, reserved 1060864K
  class space    used 1612K, capacity 1735K, committed 1792K, reserved 1048576K
}
Event: 15.569 GC heap before
{Heap before GC invocations=2 (full 0):
 PSYoungGen      total 28160K, used 28128K [0x00000000e0c00000, 0x00000000e2b00000, 0x0000000100000000)
  eden space 24576K, 100% used [0x00000000e0c00000,0x00000000e2400000,0x00000000e2400000)
  from space 3584K, 99% used [0x00000000e2400000,0x00000000e2778040,0x00000000e2780000)
  to   space 3584K, 0% used [0x00000000e2780000,0x00000000e2780000,0x00000000e2b00000)
 ParOldGen       total 64512K, used 283K [0x00000000a2400000, 0x00000000a6300000, 0x00000000e0c00000)
  object space 64512K, 0% used [0x00000000a2400000,0x00000000a2446e78,0x00000000a6300000)
 Metaspace       used 20118K, capacity 20838K, committed 20992K, reserved 1067008K
  class space    used 2758K, capacity 2947K, committed 3072K, reserved 1048576K
Event: 15.590 GC heap after
Heap after GC invocations=2 (full 0):
 PSYoungGen      total 28160K, used 3565K [0x00000000e0c00000, 0x00000000e2b00000, 0x0000000100000000)
  eden space 24576K, 0% used [0x00000000e0c00000,0x00000000e0c00000,0x00000000e2400000)
  from space 3584K, 99% used [0x00000000e2780000,0x00000000e2afb7c0,0x00000000e2b00000)
  to   space 3584K, 0% used [0x00000000e2400000,0x00000000e2400000,0x00000000e2780000)
 ParOldGen       total 64512K, used 7660K [0x00000000a2400000, 0x00000000a6300000, 0x00000000e0c00000)
  object space 64512K, 11% used [0x00000000a2400000,0x00000000a2b7b0c8,0x00000000a6300000)
 Metaspace       used 20118K, capacity 20838K, committed 20992K, reserved 1067008K
  class space    used 2758K, capacity 2947K, committed 3072K, reserved 1048576K
}
Event: 15.633 GC heap before
{Heap before GC invocations=3 (full 0):
 PSYoungGen      total 28160K, used 6081K [0x00000000e0c00000, 0x00000000e2b00000, 0x0000000100000000)
  eden space 24576K, 10% used [0x00000000e0c00000,0x00000000e0e74ef0,0x00000000e2400000)
  from space 3584K, 99% used [0x00000000e2780000,0x00000000e2afb7c0,0x00000000e2b00000)
  to   space 3584K, 0% used [0x00000000e2400000,0x00000000e2400000,0x00000000e2780000)
 ParOldGen       total 64512K, used 7660K [0x00000000a2400000, 0x00000000a6300000, 0x00000000e0c00000)
  object space 64512K, 11% used [0x00000000a2400000,0x00000000a2b7b0c8,0x00000000a6300000)
 Metaspace       used 20398K, capacity 21158K, committed 21248K, reserved 1067008K
  class space    used 2794K, capacity 3011K, committed 3072K, reserved 1048576K
Event: 15.641 GC heap after
Heap after GC invocations=3 (full 0):
 PSYoungGen      total 28160K, used 3564K [0x00000000e0c00000, 0x00000000e4300000, 0x0000000100000000)
  eden space 24576K, 0% used [0x00000000e0c00000,0x00000000e0c00000,0x00000000e2400000)
  from space 3584K, 99% used [0x00000000e2400000,0x00000000e277b258,0x00000000e2780000)
  to   space 3584K, 0% used [0x00000000e3f80000,0x00000000e3f80000,0x00000000e4300000)
 ParOldGen       total 64512K, used 7884K [0x00000000a2400000, 0x00000000a6300000, 0x00000000e0c00000)
  object space 64512K, 12% used [0x00000000a2400000,0x00000000a2bb3060,0x00000000a6300000)
 Metaspace       used 20398K, capacity 21158K, committed 21248K, reserved 1067008K
  class space    used 2794K, capacity 3011K, committed 3072K, reserved 1048576K
}
Event: 15.641 GC heap before
{Heap before GC invocations=4 (full 1):
 PSYoungGen      total 28160K, used 3564K [0x00000000e0c00000, 0x00000000e4300000, 0x0000000100000000)
  eden space 24576K, 0% used [0x00000000e0c00000,0x00000000e0c00000,0x00000000e2400000)
  from space 3584K, 99% used [0x00000000e2400000,0x00000000e277b258,0x00000000e2780000)
  to   space 3584K, 0% used [0x00000000e3f80000,0x00000000e3f80000,0x00000000e4300000)
 ParOldGen       total 64512K, used 7884K [0x00000000a2400000, 0x00000000a6300000, 0x00000000e0c00000)
  object space 64512K, 12% used [0x00000000a2400000,0x00000000a2bb3060,0x00000000a6300000)
 Metaspace       used 20398K, capacity 21158K, committed 21248K, reserved 1067008K
  class space    used 2794K, capacity 3011K, committed 3072K, reserved 1048576K
Event: 15.695 GC heap after
Heap after GC invocations=4 (full 1):
 PSYoungGen      total 28160K, used 0K [0x00000000e0c00000, 0x00000000e4300000, 0x0000000100000000)
  eden space 24576K, 0% used [0x00000000e0c00000,0x00000000e0c00000,0x00000000e2400000)
  from space 3584K, 0% used [0x00000000e2400000,0x00000000e2400000,0x00000000e2780000)
  to   space 3584K, 0% used [0x00000000e3f80000,0x00000000e3f80000,0x00000000e4300000)
 ParOldGen       total 45056K, used 9410K [0x00000000a2400000, 0x00000000a5000000, 0x00000000e0c00000)
  object space 45056K, 20% used [0x00000000a2400000,0x00000000a2d30aa0,0x00000000a5000000)
 Metaspace       used 20398K, capacity 21158K, committed 21248K, reserved 1067008K
  class space    used 2794K, capacity 3011K, committed 3072K, reserved 1048576K
}
Event: 17.976 GC heap before
{Heap before GC invocations=5 (full 1):
 PSYoungGen      total 28160K, used 22842K [0x00000000e0c00000, 0x00000000e4300000, 0x0000000100000000)
  eden space 24576K, 92% used [0x00000000e0c00000,0x00000000e224ebb8,0x00000000e2400000)
  from space 3584K, 0% used [0x00000000e2400000,0x00000000e2400000,0x00000000e2780000)
  to   space 3584K, 0% used [0x00000000e3f80000,0x00000000e3f80000,0x00000000e4300000)
 ParOldGen       total 45056K, used 9410K [0x00000000a2400000, 0x00000000a5000000, 0x00000000e0c00000)
  object space 45056K, 20% used [0x00000000a2400000,0x00000000a2d30aa0,0x00000000a5000000)
 Metaspace       used 23023K, capacity 24288K, committed 24576K, reserved 1071104K
  class space    used 3263K, capacity 3500K, committed 3584K, reserved 1048576K
Event: 17.985 GC heap after
Heap after GC invocations=5 (full 1):
 PSYoungGen      total 50176K, used 2706K [0x00000000e0c00000, 0x00000000e4280000, 0x0000000100000000)
  eden space 47104K, 0% used [0x00000000e0c00000,0x00000000e0c00000,0x00000000e3a00000)
  from space 3072K, 88% used [0x00000000e3f80000,0x00000000e42248b0,0x00000000e4280000)
  to   space 3584K, 0% used [0x00000000e3b80000,0x00000000e3b80000,0x00000000e3f00000)
 ParOldGen       total 45056K, used 9418K [0x00000000a2400000, 0x00000000a5000000, 0x00000000e0c00000)
  object space 45056K, 20% used [0x00000000a2400000,0x00000000a2d32aa0,0x00000000a5000000)
 Metaspace       used 23023K, capacity 24288K, committed 24576K, reserved 1071104K
  class space    used 3263K, capacity 3500K, committed 3584K, reserved 1048576K
}

