# JRE version: Java(TM) SE Runtime Environment (8.0_172-b11) (build 1.8.0_172-b11)
# Java VM: Java HotSpot(TM) 64-Bit Server VM (25.172-b11 mixed mode windows-amd64 compressed oops)
Heap:
 PSYoungGen      total 28160K, used 16391K [0x00000000e0c00000, 0x00000000e2b00000, 0x0000000100000000)
  eden space 24576K, 66% used [0x00000000e0c00000,0x00000000e1c01d70,0x00000000e2400000)
  from space 3584K, 0% used [0x00000000e2400000,0x00000000e2400000,0x00000000e2780000)
  to   space 3584K, 0% used [0x00000000e2780000,0x00000000e2780000,0x00000000e2b00000)
 ParOldGen       total 45568K, used 1221K [0x00000000a2400000, 0x00000000a5080000, 0x00000000e0c00000)
  object space 45568K, 2% used [0x00000000a2400000,0x00000000a2531788,0x00000000a5080000)
 Metaspace       used 11925K, capacity 12392K, committed 12544K, reserved 1060864K
  class space    used 1637K, capacity 1776K, committed 1792K, reserved 1048576K
GC Heap History (4 events):
Event: 1.078 GC heap before
{Heap before GC invocations=1 (full 0):
 PSYoungGen      total 28160K, used 10346K [0x00000000e0c00000, 0x00000000e2b00000, 0x0000000100000000)
  eden space 24576K, 42% used [0x00000000e0c00000,0x00000000e161a9d8,0x00000000e2400000)
  from space 3584K, 0% used [0x00000000e2780000,0x00000000e2780000,0x00000000e2b00000)
  to   space 3584K, 0% used [0x00000000e2400000,0x00000000e2400000,0x00000000e2780000)
 ParOldGen       total 64512K, used 0K [0x00000000a2400000, 0x00000000a6300000, 0x00000000e0c00000)
  object space 64512K, 0% used [0x00000000a2400000,0x00000000a2400000,0x00000000a6300000)
 Metaspace       used 7315K, capacity 7640K, committed 7808K, reserved 1060864K
  class space    used 892K, capacity 1029K, committed 1152K, reserved 1048576K
Event: 1.085 GC heap after
Heap after GC invocations=1 (full 0):
 PSYoungGen      total 28160K, used 1347K [0x00000000e0c00000, 0x00000000e2b00000, 0x0000000100000000)
  eden space 24576K, 0% used [0x00000000e0c00000,0x00000000e0c00000,0x00000000e2400000)
  from space 3584K, 37% used [0x00000000e2400000,0x00000000e2550e40,0x00000000e2780000)
  to   space 3584K, 0% used [0x00000000e2780000,0x00000000e2780000,0x00000000e2b00000)
 ParOldGen       total 64512K, used 8K [0x00000000a2400000, 0x00000000a6300000, 0x00000000e0c00000)
  object space 64512K, 0% used [0x00000000a2400000,0x00000000a2402000,0x00000000a6300000)
 Metaspace       used 7315K, capacity 7640K, committed 7808K, reserved 1060864K
  class space    used 892K, capacity 1029K, committed 1152K, reserved 1048576K
}
Event: 1.085 GC heap before
{Heap before GC invocations=2 (full 1):
 PSYoungGen      total 28160K, used 1347K [0x00000000e0c00000, 0x00000000e2b00000, 0x0000000100000000)
  eden space 24576K, 0% used [0x00000000e0c00000,0x00000000e0c00000,0x00000000e2400000)
  from space 3584K, 37% used [0x00000000e2400000,0x00000000e2550e40,0x00000000e2780000)
  to   space 3584K, 0% used [0x00000000e2780000,0x00000000e2780000,0x00000000e2b00000)
 ParOldGen       total 64512K, used 8K [0x00000000a2400000, 0x00000000a6300000, 0x00000000e0c00000)
  object space 64512K, 0% used [0x00000000a2400000,0x00000000a2402000,0x00000000a6300000)
 Metaspace       used 7315K, capacity 7640K, committed 7808K, reserved 1060864K
  class space    used 892K, capacity 1029K, committed 1152K, reserved 1048576K
Event: 1.107 GC heap after
Heap after GC invocations=2 (full 1):
 PSYoungGen      total 28160K, used 0K [0x00000000e0c00000, 0x00000000e2b00000, 0x0000000100000000)
  eden space 24576K, 0% used [0x00000000e0c00000,0x00000000e0c00000,0x00000000e2400000)
  from space 3584K, 0% used [0x00000000e2400000,0x00000000e2400000,0x00000000e2780000)
  to   space 3584K, 0% used [0x00000000e2780000,0x00000000e2780000,0x00000000e2b00000)
 ParOldGen       total 45568K, used 1221K [0x00000000a2400000, 0x00000000a5080000, 0x00000000e0c00000)
  object space 45568K, 2% used [0x00000000a2400000,0x00000000a2531788,0x00000000a5080000)
 Metaspace       used 7315K, capacity 7640K, committed 7808K, reserved 1058816K
  class space    used 892K, capacity 1029K, committed 1152K, reserved 1048576K
}

