# JRE version: Java(TM) SE Runtime Environment (8.0_172-b11) (build 1.8.0_172-b11)
# Java VM: Java HotSpot(TM) 64-Bit Server VM (25.172-b11 mixed mode windows-amd64 compressed oops)
Heap:
 PSYoungGen      total 28160K, used 9074K [0x00000000e0c00000, 0x00000000e2b00000, 0x0000000100000000)
  eden space 24576K, 36% used [0x00000000e0c00000,0x00000000e14dc878,0x00000000e2400000)
  from space 3584K, 0% used [0x00000000e2400000,0x00000000e2400000,0x00000000e2780000)
  to   space 3584K, 0% used [0x00000000e2780000,0x00000000e2780000,0x00000000e2b00000)
 ParOldGen       total 48128K, used 3386K [0x00000000a2400000, 0x00000000a5300000, 0x00000000e0c00000)
  object space 48128K, 7% used [0x00000000a2400000,0x00000000a274e980,0x00000000a5300000)
 Metaspace       used 12209K, capacity 12704K, committed 12928K, reserved 1060864K
  class space    used 1657K, capacity 1812K, committed 1920K, reserved 1048576K
GC Heap History (4 events):
Event: 1.599 GC heap before
{Heap before GC invocations=1 (full 0):
 PSYoungGen      total 28160K, used 19419K [0x00000000e0c00000, 0x00000000e2b00000, 0x0000000100000000)
  eden space 24576K, 79% used [0x00000000e0c00000,0x00000000e1ef6f30,0x00000000e2400000)
  from space 3584K, 0% used [0x00000000e2780000,0x00000000e2780000,0x00000000e2b00000)
  to   space 3584K, 0% used [0x00000000e2400000,0x00000000e2400000,0x00000000e2780000)
 ParOldGen       total 64512K, used 0K [0x00000000a2400000, 0x00000000a6300000, 0x00000000e0c00000)
  object space 64512K, 0% used [0x00000000a2400000,0x00000000a2400000,0x00000000a6300000)
 Metaspace       used 10921K, capacity 11250K, committed 11392K, reserved 1062912K
  class space    used 1412K, capacity 1537K, committed 1664K, reserved 1048576K
Event: 1.607 GC heap after
Heap after GC invocations=1 (full 0):
 PSYoungGen      total 28160K, used 3415K [0x00000000e0c00000, 0x00000000e2b00000, 0x0000000100000000)
  eden space 24576K, 0% used [0x00000000e0c00000,0x00000000e0c00000,0x00000000e2400000)
  from space 3584K, 95% used [0x00000000e2400000,0x00000000e2755ec8,0x00000000e2780000)
  to   space 3584K, 0% used [0x00000000e2780000,0x00000000e2780000,0x00000000e2b00000)
 ParOldGen       total 64512K, used 72K [0x00000000a2400000, 0x00000000a6300000, 0x00000000e0c00000)
  object space 64512K, 0% used [0x00000000a2400000,0x00000000a2412010,0x00000000a6300000)
 Metaspace       used 10921K, capacity 11250K, committed 11392K, reserved 1062912K
  class space    used 1412K, capacity 1537K, committed 1664K, reserved 1048576K
}
Event: 1.608 GC heap before
{Heap before GC invocations=2 (full 1):
 PSYoungGen      total 28160K, used 3415K [0x00000000e0c00000, 0x00000000e2b00000, 0x0000000100000000)
  eden space 24576K, 0% used [0x00000000e0c00000,0x00000000e0c00000,0x00000000e2400000)
  from space 3584K, 95% used [0x00000000e2400000,0x00000000e2755ec8,0x00000000e2780000)
  to   space 3584K, 0% used [0x00000000e2780000,0x00000000e2780000,0x00000000e2b00000)
 ParOldGen       total 64512K, used 72K [0x00000000a2400000, 0x00000000a6300000, 0x00000000e0c00000)
  object space 64512K, 0% used [0x00000000a2400000,0x00000000a2412010,0x00000000a6300000)
 Metaspace       used 10921K, capacity 11250K, committed 11392K, reserved 1062912K
  class space    used 1412K, capacity 1537K, committed 1664K, reserved 1048576K
Event: 1.643 GC heap after
Heap after GC invocations=2 (full 1):
 PSYoungGen      total 28160K, used 0K [0x00000000e0c00000, 0x00000000e2b00000, 0x0000000100000000)
  eden space 24576K, 0% used [0x00000000e0c00000,0x00000000e0c00000,0x00000000e2400000)
  from space 3584K, 0% used [0x00000000e2400000,0x00000000e2400000,0x00000000e2780000)
  to   space 3584K, 0% used [0x00000000e2780000,0x00000000e2780000,0x00000000e2b00000)
 ParOldGen       total 48128K, used 3386K [0x00000000a2400000, 0x00000000a5300000, 0x00000000e0c00000)
  object space 48128K, 7% used [0x00000000a2400000,0x00000000a274e980,0x00000000a5300000)
 Metaspace       used 10921K, capacity 11250K, committed 11392K, reserved 1060864K
  class space    used 1412K, capacity 1537K, committed 1664K, reserved 1048576K
}

