# JRE version: Java(TM) SE Runtime Environment (8.0_172-b11) (build 1.8.0_172-b11)
# Java VM: Java HotSpot(TM) 64-Bit Server VM (25.172-b11 mixed mode windows-amd64 compressed oops)
Heap:
 PSYoungGen      total 28160K, used 18637K [0x00000000e0c00000, 0x00000000e4300000, 0x0000000100000000)
  eden space 24576K, 75% used [0x00000000e0c00000,0x00000000e1e334a0,0x00000000e2400000)
  from space 3584K, 0% used [0x00000000e2400000,0x00000000e2400000,0x00000000e2780000)
  to   space 3584K, 0% used [0x00000000e3f80000,0x00000000e3f80000,0x00000000e4300000)
 ParOldGen       total 54272K, used 10370K [0x00000000a2400000, 0x00000000a5900000, 0x00000000e0c00000)
  object space 54272K, 19% used [0x00000000a2400000,0x00000000a2e209a8,0x00000000a5900000)
 Metaspace       used 22919K, capacity 24142K, committed 24368K, reserved 1071104K
  class space    used 3267K, capacity 3519K, committed 3632K, reserved 1048576K
GC Heap History (8 events):
Event: 2.224 GC heap before
{Heap before GC invocations=1 (full 0):
 PSYoungGen      total 28160K, used 24576K [0x00000000e0c00000, 0x00000000e2b00000, 0x0000000100000000)
  eden space 24576K, 100% used [0x00000000e0c00000,0x00000000e2400000,0x00000000e2400000)
  from space 3584K, 0% used [0x00000000e2780000,0x00000000e2780000,0x00000000e2b00000)
  to   space 3584K, 0% used [0x00000000e2400000,0x00000000e2400000,0x00000000e2780000)
 ParOldGen       total 64512K, used 0K [0x00000000a2400000, 0x00000000a6300000, 0x00000000e0c00000)
  object space 64512K, 0% used [0x00000000a2400000,0x00000000a2400000,0x00000000a6300000)
 Metaspace       used 12039K, capacity 12486K, committed 12544K, reserved 1060864K
  class space    used 1611K, capacity 1735K, committed 1792K, reserved 1048576K
Event: 2.242 GC heap after
Heap after GC invocations=1 (full 0):
 PSYoungGen      total 28160K, used 3568K [0x00000000e0c00000, 0x00000000e2b00000, 0x0000000100000000)
  eden space 24576K, 0% used [0x00000000e0c00000,0x00000000e0c00000,0x00000000e2400000)
  from space 3584K, 99% used [0x00000000e2400000,0x00000000e277c030,0x00000000e2780000)
  to   space 3584K, 0% used [0x00000000e2780000,0x00000000e2780000,0x00000000e2b00000)
 ParOldGen       total 64512K, used 248K [0x00000000a2400000, 0x00000000a6300000, 0x00000000e0c00000)
  object space 64512K, 0% used [0x00000000a2400000,0x00000000a243e268,0x00000000a6300000)
 Metaspace       used 12039K, capacity 12486K, committed 12544K, reserved 1060864K
  class space    used 1611K, capacity 1735K, committed 1792K, reserved 1048576K
}
Event: 8.010 GC heap before
{Heap before GC invocations=2 (full 0):
 PSYoungGen      total 28160K, used 28139K [0x00000000e0c00000, 0x00000000e2b00000, 0x0000000100000000)
  eden space 24576K, 99% used [0x00000000e0c00000,0x00000000e23febf0,0x00000000e2400000)
  from space 3584K, 99% used [0x00000000e2400000,0x00000000e277c030,0x00000000e2780000)
  to   space 3584K, 0% used [0x00000000e2780000,0x00000000e2780000,0x00000000e2b00000)
 ParOldGen       total 64512K, used 248K [0x00000000a2400000, 0x00000000a6300000, 0x00000000e0c00000)
  object space 64512K, 0% used [0x00000000a2400000,0x00000000a243e268,0x00000000a6300000)
 Metaspace       used 19716K, capacity 20426K, committed 20608K, reserved 1067008K
  class space    used 2753K, capacity 2937K, committed 2944K, reserved 1048576K
Event: 8.030 GC heap after
Heap after GC invocations=2 (full 0):
 PSYoungGen      total 28160K, used 3581K [0x00000000e0c00000, 0x00000000e2b00000, 0x0000000100000000)
  eden space 24576K, 0% used [0x00000000e0c00000,0x00000000e0c00000,0x00000000e2400000)
  from space 3584K, 99% used [0x00000000e2780000,0x00000000e2aff790,0x00000000e2b00000)
  to   space 3584K, 0% used [0x00000000e2400000,0x00000000e2400000,0x00000000e2780000)
 ParOldGen       total 64512K, used 7602K [0x00000000a2400000, 0x00000000a6300000, 0x00000000e0c00000)
  object space 64512K, 11% used [0x00000000a2400000,0x00000000a2b6c810,0x00000000a6300000)
 Metaspace       used 19716K, capacity 20426K, committed 20608K, reserved 1067008K
  class space    used 2753K, capacity 2937K, committed 2944K, reserved 1048576K
}
Event: 8.251 GC heap before
{Heap before GC invocations=3 (full 0):
 PSYoungGen      total 28160K, used 10988K [0x00000000e0c00000, 0x00000000e2b00000, 0x0000000100000000)
  eden space 24576K, 30% used [0x00000000e0c00000,0x00000000e133bbb8,0x00000000e2400000)
  from space 3584K, 99% used [0x00000000e2780000,0x00000000e2aff790,0x00000000e2b00000)
  to   space 3584K, 0% used [0x00000000e2400000,0x00000000e2400000,0x00000000e2780000)
 ParOldGen       total 64512K, used 7602K [0x00000000a2400000, 0x00000000a6300000, 0x00000000e0c00000)
  object space 64512K, 11% used [0x00000000a2400000,0x00000000a2b6c810,0x00000000a6300000)
 Metaspace       used 20414K, capacity 21208K, committed 21296K, reserved 1067008K
  class space    used 2856K, capacity 3078K, committed 3120K, reserved 1048576K
Event: 8.262 GC heap after
Heap after GC invocations=3 (full 0):
 PSYoungGen      total 28160K, used 3564K [0x00000000e0c00000, 0x00000000e4300000, 0x0000000100000000)
  eden space 24576K, 0% used [0x00000000e0c00000,0x00000000e0c00000,0x00000000e2400000)
  from space 3584K, 99% used [0x00000000e2400000,0x00000000e277b258,0x00000000e2780000)
  to   space 3584K, 0% used [0x00000000e3f80000,0x00000000e3f80000,0x00000000e4300000)
 ParOldGen       total 64512K, used 8108K [0x00000000a2400000, 0x00000000a6300000, 0x00000000e0c00000)
  object space 64512K, 12% used [0x00000000a2400000,0x00000000a2beb028,0x00000000a6300000)
 Metaspace       used 20414K, capacity 21208K, committed 21296K, reserved 1067008K
  class space    used 2856K, capacity 3078K, committed 3120K, reserved 1048576K
}
Event: 8.262 GC heap before
{Heap before GC invocations=4 (full 1):
 PSYoungGen      total 28160K, used 3564K [0x00000000e0c00000, 0x00000000e4300000, 0x0000000100000000)
  eden space 24576K, 0% used [0x00000000e0c00000,0x00000000e0c00000,0x00000000e2400000)
  from space 3584K, 99% used [0x00000000e2400000,0x00000000e277b258,0x00000000e2780000)
  to   space 3584K, 0% used [0x00000000e3f80000,0x00000000e3f80000,0x00000000e4300000)
 ParOldGen       total 64512K, used 8108K [0x00000000a2400000, 0x00000000a6300000, 0x00000000e0c00000)
  object space 64512K, 12% used [0x00000000a2400000,0x00000000a2beb028,0x00000000a6300000)
 Metaspace       used 20414K, capacity 21208K, committed 21296K, reserved 1067008K
  class space    used 2856K, capacity 3078K, committed 3120K, reserved 1048576K
Event: 8.365 GC heap after
Heap after GC invocations=4 (full 1):
 PSYoungGen      total 28160K, used 0K [0x00000000e0c00000, 0x00000000e4300000, 0x0000000100000000)
  eden space 24576K, 0% used [0x00000000e0c00000,0x00000000e0c00000,0x00000000e2400000)
  from space 3584K, 0% used [0x00000000e2400000,0x00000000e2400000,0x00000000e2780000)
  to   space 3584K, 0% used [0x00000000e3f80000,0x00000000e3f80000,0x00000000e4300000)
 ParOldGen       total 54272K, used 10370K [0x00000000a2400000, 0x00000000a5900000, 0x00000000e0c00000)
  object space 54272K, 19% used [0x00000000a2400000,0x00000000a2e209a8,0x00000000a5900000)
 Metaspace       used 20414K, capacity 21208K, committed 21296K, reserved 1067008K
  class space    used 2856K, capacity 3078K, committed 3120K, reserved 1048576K
}

